\BOOKMARK [0][-]{chapter.1}{\376\377\000I\000N\000T\000R\000O\000D\000U\000\307\000\303\000O}{}% 1
\BOOKMARK [1][-]{section.1.1}{\376\377\000C\000o\000n\000s\000i\000d\000e\000r\000a\000\347\000\365\000e\000s\000\040\000I\000n\000i\000c\000i\000a\000i\000s}{chapter.1}% 2
\BOOKMARK [1][-]{section.1.2}{\376\377\000O\000b\000j\000e\000t\000i\000v\000o\000\040\000G\000e\000r\000a\000l}{chapter.1}% 3
\BOOKMARK [1][-]{section.1.3}{\376\377\000O\000b\000j\000e\000t\000i\000v\000o\000s\000\040\000E\000s\000p\000e\000c\000\355\000f\000i\000c\000o\000s}{chapter.1}% 4
\BOOKMARK [1][-]{section.1.4}{\376\377\000M\000e\000t\000o\000d\000o\000l\000o\000g\000i\000a\000\040\000d\000o\000\040\000T\000r\000a\000b\000a\000l\000h\000o}{chapter.1}% 5
\BOOKMARK [1][-]{section.1.5}{\376\377\000O\000r\000g\000a\000n\000i\000z\000a\000\347\000\343\000o\000\040\000d\000o\000\040\000T\000e\000x\000t\000o}{chapter.1}% 6
\BOOKMARK [0][-]{chapter.2}{\376\377\000R\000E\000V\000I\000S\000\303\000O\000\040\000B\000I\000B\000L\000I\000O\000G\000R\000\301\000F\000I\000C\000A}{}% 7
\BOOKMARK [0][-]{chapter.3}{\376\377\000F\000U\000N\000D\000A\000M\000E\000N\000T\000A\000\307\000\303\000O\000\040\000T\000E\000\323\000R\000I\000C\000A}{}% 8
\BOOKMARK [1][-]{section.3.1}{\376\377\000S\000i\000s\000t\000e\000m\000a\000s\000\040\000E\000m\000b\000a\000r\000c\000a\000d\000o\000s}{chapter.3}% 9
\BOOKMARK [1][-]{section.3.2}{\376\377\000M\000i\000c\000r\000o\000c\000o\000n\000t\000r\000o\000l\000a\000d\000o\000r\000e\000s}{chapter.3}% 10
\BOOKMARK [2][-]{subsection.3.2.1}{\376\377\000C\000o\000n\000v\000e\000r\000s\000o\000r\000\040\000A\000n\000a\000l\000\363\000g\000i\000c\000o\000-\000D\000i\000g\000i\000t\000a\000l\000\040\000\050\000A\000D\000C\000\051}{section.3.2}% 11
\BOOKMARK [1][-]{section.3.3}{\376\377\000A\000q\000u\000i\000s\000i\000\347\000\343\000o\000\040\000d\000e\000\040\000D\000a\000d\000o\000s}{chapter.3}% 12
\BOOKMARK [1][-]{section.3.4}{\376\377\000T\000e\000o\000r\000e\000m\000a\000\040\000d\000e\000\040\000N\000y\000q\000u\000i\000s\000t\000-\000S\000h\000a\000n\000n\000o\000n\000\040\000e\000\040\000o\000\040\000F\000e\000n\000\364\000m\000e\000n\000o\000\040\000d\000e\000\040\000A\000l\000i\000a\000s\000i\000n\000g}{chapter.3}% 13
\BOOKMARK [1][-]{section.3.5}{\376\377\000C\000o\000n\000d\000i\000c\000i\000o\000n\000a\000m\000e\000n\000t\000o\000\040\000d\000e\000\040\000S\000i\000n\000a\000i\000s}{chapter.3}% 14
\BOOKMARK [2][-]{subsection.3.5.1}{\376\377\000R\000e\000s\000i\000s\000t\000o\000r\000\040\000d\000e\000\040\000C\000a\000r\000g\000a}{section.3.5}% 15
\BOOKMARK [2][-]{subsection.3.5.2}{\376\377\000O\000f\000f\000s\000e\000t\000\040\000D\000C\000\040\000e\000\040\000P\000o\000l\000a\000r\000i\000z\000a\000\347\000\343\000o}{section.3.5}% 16
\BOOKMARK [2][-]{subsection.3.5.3}{\376\377\000A\000m\000p\000l\000i\000f\000i\000c\000a\000\347\000\343\000o\000\040\000d\000e\000\040\000S\000i\000n\000a\000i\000s}{section.3.5}% 17
\BOOKMARK [1][-]{section.3.6}{\376\377\000G\000r\000a\000n\000d\000e\000z\000a\000s\000\040\000E\000l\000\351\000t\000r\000i\000c\000a\000s\000\040\000e\000m\000\040\000S\000i\000s\000t\000e\000m\000a\000s\000\040\000D\000i\000g\000i\000t\000a\000i\000s}{chapter.3}% 18
\BOOKMARK [2][-]{subsection.3.6.1}{\376\377\000M\000e\000d\000i\000d\000o\000r\000e\000s\000\040\000C\000o\000n\000v\000e\000n\000c\000i\000o\000n\000a\000i\000s}{section.3.6}% 19
\BOOKMARK [2][-]{subsection.3.6.2}{\376\377\000S\000i\000s\000t\000e\000m\000a\000s\000\040\000N\000\343\000o\000\040\000S\000e\000n\000o\000i\000d\000a\000i\000s\000\040\000e\000\040\000A\000b\000o\000r\000d\000a\000g\000e\000n\000s\000\040\000A\000v\000a\000n\000\347\000a\000d\000a\000s}{section.3.6}% 20
\BOOKMARK [1][-]{section.3.7}{\376\377\000Q\000u\000a\000l\000i\000d\000a\000d\000e\000\040\000d\000e\000\040\000E\000n\000e\000r\000g\000i\000a\000\040\000E\000l\000\351\000t\000r\000i\000c\000a}{chapter.3}% 21
\BOOKMARK [2][-]{subsection.3.7.1}{\376\377\000C\000l\000a\000s\000s\000i\000f\000i\000c\000a\000\347\000\343\000o\000\040\000d\000o\000s\000\040\000F\000e\000n\000\364\000m\000e\000n\000o\000s}{section.3.7}% 22
\BOOKMARK [2][-]{subsection.3.7.2}{\376\377\000A\000f\000u\000n\000d\000a\000m\000e\000n\000t\000o\000\040\000d\000e\000\040\000T\000e\000n\000s\000\343\000o}{section.3.7}% 23
\BOOKMARK [2][-]{subsection.3.7.3}{\376\377\000I\000m\000p\000a\000c\000t\000o\000s\000\040\000n\000a\000s\000\040\000I\000n\000s\000t\000a\000l\000a\000\347\000\365\000e\000s}{section.3.7}% 24
\BOOKMARK [1][-]{section.3.8}{\376\377\000M\000a\000c\000h\000i\000n\000e\000\040\000L\000e\000a\000r\000n\000i\000n\000g}{chapter.3}% 25
\BOOKMARK [2][-]{subsection.3.8.1}{\376\377\000R\000e\000d\000e\000s\000\040\000N\000e\000u\000r\000a\000i\000s\000\040\000A\000r\000t\000i\000f\000i\000c\000i\000a\000i\000s\000\040\000e\000\040\000a\000\040\000C\000\351\000l\000u\000l\000a\000\040\000G\000R\000U}{section.3.8}% 26
\BOOKMARK [2][-]{subsection.3.8.2}{\376\377\000M\000\341\000q\000u\000i\000n\000a\000\040\000d\000e\000\040\000V\000e\000t\000o\000r\000e\000s\000\040\000d\000e\000\040\000S\000u\000p\000o\000r\000t\000e}{section.3.8}% 27
\BOOKMARK [2][-]{subsection.3.8.3}{\376\377\000K\000-\000N\000e\000a\000r\000e\000s\000t\000\040\000N\000e\000i\000g\000h\000b\000o\000r\000s}{section.3.8}% 28
\BOOKMARK [2][-]{subsection.3.8.4}{\376\377\000\301\000r\000v\000o\000r\000e\000s\000\040\000d\000e\000\040\000D\000e\000c\000i\000s\000\343\000o\000\040\000e\000\040\000M\000\351\000t\000o\000d\000o\000s\000\040\000d\000e\000\040\000E\000n\000s\000e\000m\000b\000l\000e}{section.3.8}% 29
\BOOKMARK [2][-]{subsection.3.8.5}{\376\377\000O\000t\000i\000m\000i\000z\000a\000\347\000\343\000o\000\040\000e\000\040\000V\000a\000l\000i\000d\000a\000\347\000\343\000o}{section.3.8}% 30
\BOOKMARK [2][-]{subsection.3.8.6}{\376\377\000M\000\351\000t\000r\000i\000c\000a\000s\000\040\000d\000e\000\040\000A\000v\000a\000l\000i\000a\000\347\000\343\000o}{section.3.8}% 31
\BOOKMARK [0][-]{chapter.4}{\376\377\000M\000E\000T\000O\000D\000O\000L\000O\000G\000I\000A}{}% 32
\BOOKMARK [1][-]{section.4.1}{\376\377\000S\000i\000s\000t\000e\000m\000a\000\040\000P\000r\000o\000p\000o\000s\000t\000o}{chapter.4}% 33
\BOOKMARK [1][-]{section.4.2}{\376\377\000L\000e\000v\000a\000n\000t\000a\000m\000e\000n\000t\000o\000\040\000d\000o\000s\000\040\000m\000a\000t\000e\000r\000i\000a\000i\000s}{chapter.4}% 34
\BOOKMARK [2][-]{subsection.4.2.1}{\376\377\000S\000e\000n\000s\000o\000r\000\040\000d\000e\000\040\000c\000o\000r\000r\000e\000n\000t\000e}{section.4.2}% 35
\BOOKMARK [2][-]{subsection.4.2.2}{\376\377\000S\000e\000n\000s\000o\000r\000\040\000d\000e\000\040\000T\000e\000n\000s\000\343\000o}{section.4.2}% 36
\BOOKMARK [2][-]{subsection.4.2.3}{\376\377\000M\000\363\000d\000u\000l\000o\000\040\000M\000i\000c\000r\000o\000S\000D}{section.4.2}% 37
\BOOKMARK [2][-]{subsection.4.2.4}{\376\377\000M\000\363\000d\000u\000l\000o\000\040\000M\000u\000l\000t\000i\000p\000l\000e\000x\000a\000d\000o\000r\000\040\000A\000n\000a\000l\000\363\000g\000i\000c\000o}{section.4.2}% 38
\BOOKMARK [2][-]{subsection.4.2.5}{\376\377\000D\000i\000s\000p\000l\000a\000y\000\040\000O\000L\000E\000D\000\040\000S\000S\000D\0001\0003\0000\0006}{section.4.2}% 39
\BOOKMARK [1][-]{section.4.3}{\376\377\000P\000r\000o\000c\000e\000s\000s\000a\000m\000e\000n\000t\000o\000\040\000A\000n\000a\000l\000\363\000g\000i\000c\000o\000\040\000d\000o\000\040\000S\000i\000n\000a\000l}{chapter.4}% 40
\BOOKMARK [1][-]{section.4.4}{\376\377\000P\000l\000a\000t\000a\000f\000o\000r\000m\000a\000\040\000d\000e\000\040\000D\000e\000s\000e\000n\000v\000o\000l\000v\000i\000m\000e\000n\000t\000o}{chapter.4}% 41
\BOOKMARK [1][-]{section.4.5}{\376\377\000A\000r\000q\000u\000i\000t\000e\000t\000u\000r\000a\000\040\000d\000o\000\040\000F\000i\000r\000m\000w\000a\000r\000e}{chapter.4}% 42
\BOOKMARK [0][-]{chapter.5}{\376\377\000R\000E\000S\000U\000L\000T\000A\000D\000O\000S\000\040\000P\000A\000R\000C\000I\000A\000I\000S}{}% 43
\BOOKMARK [1][-]{section.5.1}{\376\377\000V\000a\000l\000i\000d\000a\000\347\000\343\000o\000\040\000d\000o\000\040\000H\000a\000r\000d\000w\000a\000r\000e}{chapter.5}% 44
\BOOKMARK [1][-]{section.5.2}{\376\377\000V\000a\000l\000i\000d\000a\000\347\000\343\000o\000\040\000d\000a\000\040\000M\000e\000d\000i\000\347\000\343\000o\000\040\000d\000e\000\040\000C\000o\000r\000r\000e\000n\000t\000e}{chapter.5}% 45
\BOOKMARK [1][-]{section.5.3}{\376\377\000E\000n\000s\000a\000i\000o\000\040\000d\000e\000\040\000F\000a\000l\000t\000a\000\040\000d\000e\000\040\000F\000a\000s\000e}{chapter.5}% 46
\BOOKMARK [0][-]{chapter.6}{\376\377\000C\000O\000N\000S\000I\000D\000E\000R\000A\000\307\000\325\000E\000S\000\040\000F\000I\000N\000A\000I\000S}{}% 47
\BOOKMARK [1][-]{section.6.1}{\376\377\000P\000r\000\363\000x\000i\000m\000a\000s\000\040\000E\000t\000a\000p\000a\000s}{chapter.6}% 48
\BOOKMARK [2][-]{subsection.6.1.1}{\376\377\000C\000r\000o\000n\000o\000g\000r\000a\000m\000a\000\040\000d\000e\000\040\000A\000t\000i\000v\000i\000d\000a\000d\000e\000s}{section.6.1}% 49
\BOOKMARK [0][-]{chapter*.43}{\376\377\000R\000E\000F\000E\000R\000\312\000N\000C\000I\000A\000S}{}% 50
